<?xml version="1.0" encoding="UTF-8"?>
<testng-results ignored="0" total="2" passed="2" failed="0" skipped="0">
  <reporter-output>
  </reporter-output>
  <suite started-at="2024-12-05T11:52:09 IST" name="Default suite" finished-at="2024-12-05T11:52:24 IST" duration-ms="14126">
    <groups>
    </groups>
    <test started-at="2024-12-05T11:52:09 IST" name="Default test" finished-at="2024-12-05T11:52:24 IST" duration-ms="14126">
      <class name="SeleniumLearning.SeleniumFrameworkDesign.E2Etest">
        <test-method signature="E2Etest(java.util.HashMap)[pri:0, instance:SeleniumLearning.SeleniumFrameworkDesign.E2Etest@2e6a8155]" started-at="2024-12-05T11:52:10 IST" name="E2Etest" data-provider="TestData" finished-at="2024-12-05T11:52:17 IST" duration-ms="7232" status="PASS">
          <params>
            <param index="0">
              <value>
                <![CDATA[{Prodname=ADIDAS ORIGINAL, Email=sandeep.c07@gmail.com, Password=1JS18ME079@s}]]>
              </value>
            </param>
          </params>
          <reporter-output>
          </reporter-output>
        </test-method> <!-- E2Etest -->
        <test-method signature="E2Etest(java.util.HashMap)[pri:0, instance:SeleniumLearning.SeleniumFrameworkDesign.E2Etest@2e6a8155]" started-at="2024-12-05T11:52:17 IST" name="E2Etest" data-provider="TestData" finished-at="2024-12-05T11:52:24 IST" duration-ms="6706" status="PASS">
          <params>
            <param index="0">
              <value>
                <![CDATA[{Prodname=ZARA COAT 3, Email=sandeep.c08@gmail.com, Password=1JS18ME079@s}]]>
              </value>
            </param>
          </params>
          <reporter-output>
          </reporter-output>
        </test-method> <!-- E2Etest -->
      </class> <!-- SeleniumLearning.SeleniumFrameworkDesign.E2Etest -->
    </test> <!-- Default test -->
  </suite> <!-- Default suite -->
</testng-results>
